<?xml version="1.0" encoding="UTF-8"?>
<!-- Generated by org.testng.reporters.JUnitReportReporter -->
<testsuite hostname="DESKTOP-J10MEMJ" failures="0" tests="1" name="pom_extra.LoginVtigerTest" time="5.667" errors="0" timestamp="2026-03-22T13:59:05 IST" skipped="0">
  <testcase classname="pom_extra.LoginVtigerTest" name="loginVtigerTest" time="5.667">
    <system-out>
      <![CDATA[Login successfull]]>
    </system-out>
  </testcase> <!-- loginVtigerTest -->
  <system-out>
    <![CDATA[Login successfull]]>
  </system-out>
</testsuite> <!-- pom_extra.LoginVtigerTest -->
