<?xml version="1.0" encoding="UTF-8"?>
<!-- Generated by org.testng.reporters.JUnitXMLReporter -->
<testsuite ignored="0" hostname="DESKTOP-J10MEMJ" failures="0" tests="4" name="Surefire test" time="77.414" errors="0" timestamp="2026-05-12T01:03:50 IST">
  <testcase classname="pom_extra.OrganizationTest" name="createOrganizationTest" time="61.845"/>
  <testcase classname="testng_extra.CreateAnnTest" name="createContactTest" time="0.001"/>
  <testcase classname="testng_extra.CreateAnnTest" name="modifyContactTest" time="0.001"/>
  <testcase classname="testng_extra.CreateAnnTest" name="deleteContactTest" time="0.0"/>
</testsuite> <!-- Surefire test -->
