<?xml version="1.0" encoding="UTF-8"?>
<testsuite xmlns:xsi="http://www.w3.org/2001/XMLSchema-instance" xsi:noNamespaceSchemaLocation="https://maven.apache.org/surefire/maven-surefire-plugin/xsd/surefire-test-report.xsd" version="3.0.2" name="TestSuite" time="29.759" tests="4" errors="0" skipped="0" failures="0">
  <properties>
[...]
</properties>
  <testcase name="createOrganizationTest" classname="pom_extra.OrganizationTest" time="17.891">
    <system-out><![CDATA[report configuration from listeners
]]></system-out>
    <system-err><![CDATA[SLF4J(W): No SLF4J providers were found.
SLF4J(W): Defaulting to no-operation (NOP) logger implementation
SLF4J(W): See https://www.slf4j.org/codes.html#noProviders for further details.
May 12, 2026 5:47:21 PM org.openqa.selenium.devtools.CdpVersionFinder findNearestMatch
WARNING: Unable to find an exact match for CDP version 148, returning the closest version; found: 144; Please update to a Selenium version that supports CDP version 148
]]></system-err>
  </testcase>
  <testcase name="createContactTest" classname="testng_extra.CreateAnnTest" time="0.006">
    <system-out><![CDATA[Create
]]></system-out>
  </testcase>
  <testcase name="modifyContactTest" classname="testng_extra.CreateAnnTest" time="0.002">
    <system-out><![CDATA[Modify
]]></system-out>
  </testcase>
  <testcase name="deleteContactTest" classname="testng_extra.CreateAnnTest" time="0.003">
    <system-out><![CDATA[Delete
]]></system-out>
  </testcase>
</testsuite>