<?xml version="1.0" encoding="UTF-8"?>
<!-- Generated by org.testng.reporters.JUnitXMLReporter -->
<testsuite ignored="0" hostname="DESKTOP-J10MEMJ" failures="0" tests="4" name="Default test" time="105.796" errors="0" timestamp="2026-05-11T19:00:03 IST">
  <testcase classname="testng_extra.CreateAnnTest" name="createContactTest" time="0.019"/>
  <testcase classname="testng_extra.CreateAnnTest" name="modifyContactTest" time="0.005"/>
  <testcase classname="testng_extra.CreateAnnTest" name="deleteContactTest" time="0.004"/>
  <testcase classname="pom_extra.OrganizationTest" name="createOrganizationTest" time="76.912"/>
</testsuite> <!-- Default test -->
