<?xml version="1.0" encoding="UTF-8"?>
<!-- Generated by org.testng.reporters.JUnitReportReporter -->
<testsuite hostname="DESKTOP-J10MEMJ" failures="0" tests="3" name="testng_extra.CreateAnnTest" time="0.003" errors="0" timestamp="2026-05-12T17:36:11 IST" skipped="0">
  <testcase classname="testng_extra.CreateAnnTest" name="createContactTest" time="0.001">
    <system-out>
      <![CDATA[Create]]>
    </system-out>
  </testcase> <!-- createContactTest -->
  <testcase classname="testng_extra.CreateAnnTest" name="modifyContactTest" time="0.001">
    <system-out>
      <![CDATA[Modify]]>
    </system-out>
  </testcase> <!-- modifyContactTest -->
  <testcase classname="testng_extra.CreateAnnTest" name="deleteContactTest" time="0.001">
    <system-out>
      <![CDATA[Delete]]>
    </system-out>
  </testcase> <!-- deleteContactTest -->
  <system-out>
    <![CDATA[Create
Modify
Delete]]>
  </system-out>
</testsuite> <!-- testng_extra.CreateAnnTest -->
